c:\users\tomer\documents\tomer's documents\studies\afeka\year b\semester 1\introtosysprogc\final project\casino_final_project\x64\debug\vc143.pdb
c:\users\tomer\documents\tomer's documents\studies\afeka\year b\semester 1\introtosysprogc\final project\casino_final_project\x64\debug\vc143.idb
c:\users\tomer\documents\tomer's documents\studies\afeka\year b\semester 1\introtosysprogc\final project\casino_final_project\x64\debug\roulette.obj
c:\users\tomer\documents\tomer's documents\studies\afeka\year b\semester 1\introtosysprogc\final project\casino_final_project\x64\debug\player.obj
c:\users\tomer\documents\tomer's documents\studies\afeka\year b\semester 1\introtosysprogc\final project\casino_final_project\x64\debug\main.obj
c:\users\tomer\documents\tomer's documents\studies\afeka\year b\semester 1\introtosysprogc\final project\casino_final_project\x64\debug\luckywheel.obj
c:\users\tomer\documents\tomer's documents\studies\afeka\year b\semester 1\introtosysprogc\final project\casino_final_project\x64\debug\login.obj
c:\users\tomer\documents\tomer's documents\studies\afeka\year b\semester 1\introtosysprogc\final project\casino_final_project\x64\debug\loan.obj
c:\users\tomer\documents\tomer's documents\studies\afeka\year b\semester 1\introtosysprogc\final project\casino_final_project\x64\debug\list.obj
c:\users\tomer\documents\tomer's documents\studies\afeka\year b\semester 1\introtosysprogc\final project\casino_final_project\x64\debug\generalfunctions.obj
c:\users\tomer\documents\tomer's documents\studies\afeka\year b\semester 1\introtosysprogc\final project\casino_final_project\x64\debug\casino.obj
c:\users\tomer\documents\tomer's documents\studies\afeka\year b\semester 1\introtosysprogc\final project\casino_final_project\x64\debug\carddeck.obj
c:\users\tomer\documents\tomer's documents\studies\afeka\year b\semester 1\introtosysprogc\final project\casino_final_project\x64\debug\card.obj
c:\users\tomer\documents\tomer's documents\studies\afeka\year b\semester 1\introtosysprogc\final project\casino_final_project\x64\debug\blackjack.obj
c:\users\tomer\documents\tomer's documents\studies\afeka\year b\semester 1\introtosysprogc\final project\casino_final_project\x64\debug\bet.obj
c:\users\tomer\documents\tomer's documents\studies\afeka\year b\semester 1\introtosysprogc\final project\casino_final_project\x64\debug\casino_final_project.ilk
c:\users\tomer\documents\tomer's documents\studies\afeka\year b\semester 1\introtosysprogc\final project\casino_final_project\x64\debug\casino_final_project.exe
c:\users\tomer\documents\tomer's documents\studies\afeka\year b\semester 1\introtosysprogc\final project\casino_final_project\x64\debug\casino_final_project.pdb
c:\users\tomer\documents\tomer's documents\studies\afeka\year b\semester 1\introtosysprogc\final project\casino_final_project\x64\debug\casino_f.a10a9137.tlog\cl.command.1.tlog
c:\users\tomer\documents\tomer's documents\studies\afeka\year b\semester 1\introtosysprogc\final project\casino_final_project\x64\debug\casino_f.a10a9137.tlog\cl.items.tlog
c:\users\tomer\documents\tomer's documents\studies\afeka\year b\semester 1\introtosysprogc\final project\casino_final_project\x64\debug\casino_f.a10a9137.tlog\cl.read.1.tlog
c:\users\tomer\documents\tomer's documents\studies\afeka\year b\semester 1\introtosysprogc\final project\casino_final_project\x64\debug\casino_f.a10a9137.tlog\cl.write.1.tlog
c:\users\tomer\documents\tomer's documents\studies\afeka\year b\semester 1\introtosysprogc\final project\casino_final_project\x64\debug\casino_f.a10a9137.tlog\link.command.1.tlog
c:\users\tomer\documents\tomer's documents\studies\afeka\year b\semester 1\introtosysprogc\final project\casino_final_project\x64\debug\casino_f.a10a9137.tlog\link.read.1.tlog
c:\users\tomer\documents\tomer's documents\studies\afeka\year b\semester 1\introtosysprogc\final project\casino_final_project\x64\debug\casino_f.a10a9137.tlog\link.write.1.tlog
